<?xml version="1.0" encoding="UTF-8"?>
<testsuite xmlns:xsi="http://www.w3.org/2001/XMLSchema-instance" xsi:noNamespaceSchemaLocation="https://maven.apache.org/surefire/maven-surefire-plugin/xsd/surefire-test-report.xsd" name="test2.maven.jenkins.AppTest" time="0.286" tests="1" errors="0" skipped="0" failures="0">
  <properties>
    <property name="sun.desktop" value="windows"/>
    <property name="awt.toolkit" value="sun.awt.windows.WToolkit"/>
    <property name="file.encoding.pkg" value="sun.io"/>
    <property name="java.specification.version" value="1.8"/>
    <property name="sun.cpu.isalist" value="pentium_pro+mmx pentium_pro pentium+mmx pentium i486 i386 i86"/>
    <property name="sun.jnu.encoding" value="GBK"/>
    <property name="java.class.path" value="C:\Users\ywkj2014\Desktop\test\maven.jenkins\target\test-classes;C:\Users\ywkj2014\Desktop\test\maven.jenkins\target\classes;C:\Users\ywkj2014\Desktop\Maven-Repository\junit\junit\4.11\junit-4.11.jar;C:\Users\ywkj2014\Desktop\Maven-Repository\org\hamcrest\hamcrest-core\1.3\hamcrest-core-1.3.jar;C:\Users\ywkj2014\Desktop\Maven-Repository\org\seleniumhq\selenium\selenium-java\2.52.0\selenium-java-2.52.0.jar;C:\Users\ywkj2014\Desktop\Maven-Repository\org\seleniumhq\selenium\selenium-chrome-driver\2.52.0\selenium-chrome-driver-2.52.0.jar;C:\Users\ywkj2014\Desktop\Maven-Repository\org\seleniumhq\selenium\selenium-remote-driver\2.52.0\selenium-remote-driver-2.52.0.jar;C:\Users\ywkj2014\Desktop\Maven-Repository\cglib\cglib-nodep\2.1_3\cglib-nodep-2.1_3.jar;C:\Users\ywkj2014\Desktop\Maven-Repository\com\google\code\gson\gson\2.3.1\gson-2.3.1.jar;C:\Users\ywkj2014\Desktop\Maven-Repository\org\seleniumhq\selenium\selenium-api\2.52.0\selenium-api-2.52.0.jar;C:\Users\ywkj2014\Desktop\Maven-Repository\com\google\guava\guava\19.0\guava-19.0.jar;C:\Users\ywkj2014\Desktop\Maven-Repository\org\seleniumhq\selenium\selenium-edge-driver\2.52.0\selenium-edge-driver-2.52.0.jar;C:\Users\ywkj2014\Desktop\Maven-Repository\commons-io\commons-io\2.4\commons-io-2.4.jar;C:\Users\ywkj2014\Desktop\Maven-Repository\org\apache\commons\commons-exec\1.3\commons-exec-1.3.jar;C:\Users\ywkj2014\Desktop\Maven-Repository\org\seleniumhq\selenium\selenium-htmlunit-driver\2.52.0\selenium-htmlunit-driver-2.52.0.jar;C:\Users\ywkj2014\Desktop\Maven-Repository\net\sourceforge\htmlunit\htmlunit\2.18\htmlunit-2.18.jar;C:\Users\ywkj2014\Desktop\Maven-Repository\xalan\xalan\2.7.2\xalan-2.7.2.jar;C:\Users\ywkj2014\Desktop\Maven-Repository\xalan\serializer\2.7.2\serializer-2.7.2.jar;C:\Users\ywkj2014\Desktop\Maven-Repository\org\apache\commons\commons-lang3\3.4\commons-lang3-3.4.jar;C:\Users\ywkj2014\Desktop\Maven-Repository\org\apache\httpcomponents\httpmime\4.5\httpmime-4.5.jar;C:\Users\ywkj2014\Desktop\Maven-Repository\commons-codec\commons-codec\1.10\commons-codec-1.10.jar;C:\Users\ywkj2014\Desktop\Maven-Repository\net\sourceforge\htmlunit\htmlunit-core-js\2.17\htmlunit-core-js-2.17.jar;C:\Users\ywkj2014\Desktop\Maven-Repository\xerces\xercesImpl\2.11.0\xercesImpl-2.11.0.jar;C:\Users\ywkj2014\Desktop\Maven-Repository\xml-apis\xml-apis\1.4.01\xml-apis-1.4.01.jar;C:\Users\ywkj2014\Desktop\Maven-Repository\net\sourceforge\nekohtml\nekohtml\1.9.22\nekohtml-1.9.22.jar;C:\Users\ywkj2014\Desktop\Maven-Repository\net\sourceforge\cssparser\cssparser\0.9.16\cssparser-0.9.16.jar;C:\Users\ywkj2014\Desktop\Maven-Repository\org\w3c\css\sac\1.3\sac-1.3.jar;C:\Users\ywkj2014\Desktop\Maven-Repository\commons-logging\commons-logging\1.2\commons-logging-1.2.jar;C:\Users\ywkj2014\Desktop\Maven-Repository\org\eclipse\jetty\websocket\websocket-client\9.2.12.v20150709\websocket-client-9.2.12.v20150709.jar;C:\Users\ywkj2014\Desktop\Maven-Repository\org\eclipse\jetty\jetty-util\9.2.12.v20150709\jetty-util-9.2.12.v20150709.jar;C:\Users\ywkj2014\Desktop\Maven-Repository\org\eclipse\jetty\jetty-io\9.2.12.v20150709\jetty-io-9.2.12.v20150709.jar;C:\Users\ywkj2014\Desktop\Maven-Repository\org\eclipse\jetty\websocket\websocket-common\9.2.12.v20150709\websocket-common-9.2.12.v20150709.jar;C:\Users\ywkj2014\Desktop\Maven-Repository\org\eclipse\jetty\websocket\websocket-api\9.2.12.v20150709\websocket-api-9.2.12.v20150709.jar;C:\Users\ywkj2014\Desktop\Maven-Repository\commons-collections\commons-collections\3.2.2\commons-collections-3.2.2.jar;C:\Users\ywkj2014\Desktop\Maven-Repository\org\apache\httpcomponents\httpclient\4.5.1\httpclient-4.5.1.jar;C:\Users\ywkj2014\Desktop\Maven-Repository\org\apache\httpcomponents\httpcore\4.4.3\httpcore-4.4.3.jar;C:\Users\ywkj2014\Desktop\Maven-Repository\org\seleniumhq\selenium\selenium-firefox-driver\2.52.0\selenium-firefox-driver-2.52.0.jar;C:\Users\ywkj2014\Desktop\Maven-Repository\org\seleniumhq\selenium\selenium-ie-driver\2.52.0\selenium-ie-driver-2.52.0.jar;C:\Users\ywkj2014\Desktop\Maven-Repository\net\java\dev\jna\jna\4.1.0\jna-4.1.0.jar;C:\Users\ywkj2014\Desktop\Maven-Repository\net\java\dev\jna\jna-platform\4.1.0\jna-platform-4.1.0.jar;C:\Users\ywkj2014\Desktop\Maven-Repository\org\seleniumhq\selenium\selenium-safari-driver\2.52.0\selenium-safari-driver-2.52.0.jar;C:\Users\ywkj2014\Desktop\Maven-Repository\org\seleniumhq\selenium\selenium-support\2.52.0\selenium-support-2.52.0.jar;C:\Users\ywkj2014\Desktop\Maven-Repository\org\webbitserver\webbit\0.4.14\webbit-0.4.14.jar;C:\Users\ywkj2014\Desktop\Maven-Repository\io\netty\netty\3.5.2.Final\netty-3.5.2.Final.jar;C:\Users\ywkj2014\Desktop\Maven-Repository\org\seleniumhq\selenium\selenium-leg-rc\2.52.0\selenium-leg-rc-2.52.0.jar;C:\Users\ywkj2014\Desktop\Maven-Repository\org\testng\testng\6.5.2\testng-6.5.2.jar;C:\Users\ywkj2014\Desktop\Maven-Repository\org\beanshell\bsh\2.0b4\bsh-2.0b4.jar;C:\Users\ywkj2014\Desktop\Maven-Repository\com\beust\jcommander\1.12\jcommander-1.12.jar;C:\Users\ywkj2014\Desktop\Maven-Repository\org\yaml\snakeyaml\1.6\snakeyaml-1.6.jar;C:\Users\ywkj2014\Desktop\Maven-Repository\org\apache\maven\surefire\surefire-testng-utils\2.20.1\surefire-testng-utils-2.20.1.jar;C:\Users\ywkj2014\Desktop\Maven-Repository\org\apache\maven\surefire\surefire-grouper\2.20.1\surefire-grouper-2.20.1.jar;"/>
    <property name="java.vm.vendor" value="Oracle Corporation"/>
    <property name="sun.arch.data.model" value="32"/>
    <property name="user.variant" value=""/>
    <property name="java.vendor.url" value="http://java.oracle.com/"/>
    <property name="user.timezone" value=""/>
    <property name="java.vm.specification.version" value="1.8"/>
    <property name="os.name" value="Windows 10"/>
    <property name="user.country" value="CN"/>
    <property name="sun.java.launcher" value="SUN_STANDARD"/>
    <property name="sun.boot.library.path" value="C:\Program Files (x86)\Java\jdk1.8.0_171\jre\bin"/>
    <property name="sun.java.command" value="C:\Users\ywkj2014\AppData\Local\Temp\surefire9195239755449812366\surefirebooter7084204524268559062.jar C:\Users\ywkj2014\AppData\Local\Temp\surefire9195239755449812366 2018-04-24T09-38-47_652-jvmRun1 surefire6089882915292745066tmp surefire_06702034104972572595tmp"/>
    <property name="surefire.test.class.path" value="C:\Users\ywkj2014\Desktop\test\maven.jenkins\target\test-classes;C:\Users\ywkj2014\Desktop\test\maven.jenkins\target\classes;C:\Users\ywkj2014\Desktop\Maven-Repository\junit\junit\4.11\junit-4.11.jar;C:\Users\ywkj2014\Desktop\Maven-Repository\org\hamcrest\hamcrest-core\1.3\hamcrest-core-1.3.jar;C:\Users\ywkj2014\Desktop\Maven-Repository\org\seleniumhq\selenium\selenium-java\2.52.0\selenium-java-2.52.0.jar;C:\Users\ywkj2014\Desktop\Maven-Repository\org\seleniumhq\selenium\selenium-chrome-driver\2.52.0\selenium-chrome-driver-2.52.0.jar;C:\Users\ywkj2014\Desktop\Maven-Repository\org\seleniumhq\selenium\selenium-remote-driver\2.52.0\selenium-remote-driver-2.52.0.jar;C:\Users\ywkj2014\Desktop\Maven-Repository\cglib\cglib-nodep\2.1_3\cglib-nodep-2.1_3.jar;C:\Users\ywkj2014\Desktop\Maven-Repository\com\google\code\gson\gson\2.3.1\gson-2.3.1.jar;C:\Users\ywkj2014\Desktop\Maven-Repository\org\seleniumhq\selenium\selenium-api\2.52.0\selenium-api-2.52.0.jar;C:\Users\ywkj2014\Desktop\Maven-Repository\com\google\guava\guava\19.0\guava-19.0.jar;C:\Users\ywkj2014\Desktop\Maven-Repository\org\seleniumhq\selenium\selenium-edge-driver\2.52.0\selenium-edge-driver-2.52.0.jar;C:\Users\ywkj2014\Desktop\Maven-Repository\commons-io\commons-io\2.4\commons-io-2.4.jar;C:\Users\ywkj2014\Desktop\Maven-Repository\org\apache\commons\commons-exec\1.3\commons-exec-1.3.jar;C:\Users\ywkj2014\Desktop\Maven-Repository\org\seleniumhq\selenium\selenium-htmlunit-driver\2.52.0\selenium-htmlunit-driver-2.52.0.jar;C:\Users\ywkj2014\Desktop\Maven-Repository\net\sourceforge\htmlunit\htmlunit\2.18\htmlunit-2.18.jar;C:\Users\ywkj2014\Desktop\Maven-Repository\xalan\xalan\2.7.2\xalan-2.7.2.jar;C:\Users\ywkj2014\Desktop\Maven-Repository\xalan\serializer\2.7.2\serializer-2.7.2.jar;C:\Users\ywkj2014\Desktop\Maven-Repository\org\apache\commons\commons-lang3\3.4\commons-lang3-3.4.jar;C:\Users\ywkj2014\Desktop\Maven-Repository\org\apache\httpcomponents\httpmime\4.5\httpmime-4.5.jar;C:\Users\ywkj2014\Desktop\Maven-Repository\commons-codec\commons-codec\1.10\commons-codec-1.10.jar;C:\Users\ywkj2014\Desktop\Maven-Repository\net\sourceforge\htmlunit\htmlunit-core-js\2.17\htmlunit-core-js-2.17.jar;C:\Users\ywkj2014\Desktop\Maven-Repository\xerces\xercesImpl\2.11.0\xercesImpl-2.11.0.jar;C:\Users\ywkj2014\Desktop\Maven-Repository\xml-apis\xml-apis\1.4.01\xml-apis-1.4.01.jar;C:\Users\ywkj2014\Desktop\Maven-Repository\net\sourceforge\nekohtml\nekohtml\1.9.22\nekohtml-1.9.22.jar;C:\Users\ywkj2014\Desktop\Maven-Repository\net\sourceforge\cssparser\cssparser\0.9.16\cssparser-0.9.16.jar;C:\Users\ywkj2014\Desktop\Maven-Repository\org\w3c\css\sac\1.3\sac-1.3.jar;C:\Users\ywkj2014\Desktop\Maven-Repository\commons-logging\commons-logging\1.2\commons-logging-1.2.jar;C:\Users\ywkj2014\Desktop\Maven-Repository\org\eclipse\jetty\websocket\websocket-client\9.2.12.v20150709\websocket-client-9.2.12.v20150709.jar;C:\Users\ywkj2014\Desktop\Maven-Repository\org\eclipse\jetty\jetty-util\9.2.12.v20150709\jetty-util-9.2.12.v20150709.jar;C:\Users\ywkj2014\Desktop\Maven-Repository\org\eclipse\jetty\jetty-io\9.2.12.v20150709\jetty-io-9.2.12.v20150709.jar;C:\Users\ywkj2014\Desktop\Maven-Repository\org\eclipse\jetty\websocket\websocket-common\9.2.12.v20150709\websocket-common-9.2.12.v20150709.jar;C:\Users\ywkj2014\Desktop\Maven-Repository\org\eclipse\jetty\websocket\websocket-api\9.2.12.v20150709\websocket-api-9.2.12.v20150709.jar;C:\Users\ywkj2014\Desktop\Maven-Repository\commons-collections\commons-collections\3.2.2\commons-collections-3.2.2.jar;C:\Users\ywkj2014\Desktop\Maven-Repository\org\apache\httpcomponents\httpclient\4.5.1\httpclient-4.5.1.jar;C:\Users\ywkj2014\Desktop\Maven-Repository\org\apache\httpcomponents\httpcore\4.4.3\httpcore-4.4.3.jar;C:\Users\ywkj2014\Desktop\Maven-Repository\org\seleniumhq\selenium\selenium-firefox-driver\2.52.0\selenium-firefox-driver-2.52.0.jar;C:\Users\ywkj2014\Desktop\Maven-Repository\org\seleniumhq\selenium\selenium-ie-driver\2.52.0\selenium-ie-driver-2.52.0.jar;C:\Users\ywkj2014\Desktop\Maven-Repository\net\java\dev\jna\jna\4.1.0\jna-4.1.0.jar;C:\Users\ywkj2014\Desktop\Maven-Repository\net\java\dev\jna\jna-platform\4.1.0\jna-platform-4.1.0.jar;C:\Users\ywkj2014\Desktop\Maven-Repository\org\seleniumhq\selenium\selenium-safari-driver\2.52.0\selenium-safari-driver-2.52.0.jar;C:\Users\ywkj2014\Desktop\Maven-Repository\org\seleniumhq\selenium\selenium-support\2.52.0\selenium-support-2.52.0.jar;C:\Users\ywkj2014\Desktop\Maven-Repository\org\webbitserver\webbit\0.4.14\webbit-0.4.14.jar;C:\Users\ywkj2014\Desktop\Maven-Repository\io\netty\netty\3.5.2.Final\netty-3.5.2.Final.jar;C:\Users\ywkj2014\Desktop\Maven-Repository\org\seleniumhq\selenium\selenium-leg-rc\2.52.0\selenium-leg-rc-2.52.0.jar;C:\Users\ywkj2014\Desktop\Maven-Repository\org\testng\testng\6.5.2\testng-6.5.2.jar;C:\Users\ywkj2014\Desktop\Maven-Repository\org\beanshell\bsh\2.0b4\bsh-2.0b4.jar;C:\Users\ywkj2014\Desktop\Maven-Repository\com\beust\jcommander\1.12\jcommander-1.12.jar;C:\Users\ywkj2014\Desktop\Maven-Repository\org\yaml\snakeyaml\1.6\snakeyaml-1.6.jar;C:\Users\ywkj2014\Desktop\Maven-Repository\org\apache\maven\surefire\surefire-testng-utils\2.20.1\surefire-testng-utils-2.20.1.jar;C:\Users\ywkj2014\Desktop\Maven-Repository\org\apache\maven\surefire\surefire-grouper\2.20.1\surefire-grouper-2.20.1.jar;"/>
    <property name="sun.cpu.endian" value="little"/>
    <property name="user.home" value="C:\Users\ywkj2014"/>
    <property name="user.language" value="zh"/>
    <property name="java.specification.vendor" value="Oracle Corporation"/>
    <property name="java.home" value="C:\Program Files (x86)\Java\jdk1.8.0_171\jre"/>
    <property name="basedir" value="C:\Users\ywkj2014\Desktop\test\maven.jenkins"/>
    <property name="file.separator" value="\"/>
    <property name="line.separator" value="&#10;"/>
    <property name="java.vm.specification.vendor" value="Oracle Corporation"/>
    <property name="java.specification.name" value="Java Platform API Specification"/>
    <property name="java.awt.graphicsenv" value="sun.awt.Win32GraphicsEnvironment"/>
    <property name="surefire.real.class.path" value="C:\Users\ywkj2014\AppData\Local\Temp\surefire9195239755449812366\surefirebooter7084204524268559062.jar"/>
    <property name="sun.boot.class.path" value="C:\Program Files (x86)\Java\jdk1.8.0_171\jre\lib\resources.jar;C:\Program Files (x86)\Java\jdk1.8.0_171\jre\lib\rt.jar;C:\Program Files (x86)\Java\jdk1.8.0_171\jre\lib\sunrsasign.jar;C:\Program Files (x86)\Java\jdk1.8.0_171\jre\lib\jsse.jar;C:\Program Files (x86)\Java\jdk1.8.0_171\jre\lib\jce.jar;C:\Program Files (x86)\Java\jdk1.8.0_171\jre\lib\charsets.jar;C:\Program Files (x86)\Java\jdk1.8.0_171\jre\lib\jfr.jar;C:\Program Files (x86)\Java\jdk1.8.0_171\jre\classes"/>
    <property name="user.script" value=""/>
    <property name="sun.management.compiler" value="HotSpot Client Compiler"/>
    <property name="java.runtime.version" value="1.8.0_171-b11"/>
    <property name="user.name" value="ywkj2014"/>
    <property name="path.separator" value=";"/>
    <property name="os.version" value="10.0"/>
    <property name="java.endorsed.dirs" value="C:\Program Files (x86)\Java\jdk1.8.0_171\jre\lib\endorsed"/>
    <property name="java.runtime.name" value="Java(TM) SE Runtime Environment"/>
    <property name="file.encoding" value="GBK"/>
    <property name="java.vm.name" value="Java HotSpot(TM) Client VM"/>
    <property name="localRepository" value="C:\Users\ywkj2014\Desktop\Maven-Repository"/>
    <property name="java.vendor.url.bug" value="http://bugreport.sun.com/bugreport/"/>
    <property name="java.io.tmpdir" value="C:\Users\ywkj2014\AppData\Local\Temp\"/>
    <property name="java.version" value="1.8.0_171"/>
    <property name="user.dir" value="C:\Users\ywkj2014\Desktop\test\maven.jenkins"/>
    <property name="os.arch" value="x86"/>
    <property name="java.vm.specification.name" value="Java Virtual Machine Specification"/>
    <property name="java.awt.printerjob" value="sun.awt.windows.WPrinterJob"/>
    <property name="sun.os.patch.level" value=""/>
    <property name="java.library.path" value="C:\Program Files (x86)\Java\jdk1.8.0_171\jre\bin;C:\Windows\Sun\Java\bin;C:\Windows\system32;C:\Windows;C:/Users/ywkj2014/Desktop/环境搭建用到的/eclipse/jre/bin/client;C:/Users/ywkj2014/Desktop/环境搭建用到的/eclipse/jre/bin;C:/Users/ywkj2014/Desktop/环境搭建用到的/eclipse/jre/lib/i386;C:\Program Files (x86)\Common Files\Oracle\Java\javapath;C:\Windows\system32;C:\Windows;C:\Windows\System32\Wbem;C:\Windows\System32\WindowsPowerShell\v1.0\;C:\Users\ywkj2014\Desktop\maven\apache-maven-3.2.5\bin;C:\Users\ywkj2014\Desktop\maven\apache-maven-3.2.5\bin;C:\Program Files (x86)\Java\jdk1.8.0_171\bin;C:\Program Files (x86)\Java\jre1.8.0_171\jre\bin;&quot;;;C:\Users\ywkj2014\AppData\Local\Programs\Fiddler&quot;;;C:\Users\ywkj2014\Desktop\环境搭建用到的\eclipse;;."/>
    <property name="java.vm.info" value="mixed mode"/>
    <property name="java.vendor" value="Oracle Corporation"/>
    <property name="java.vm.version" value="25.171-b11"/>
    <property name="java.ext.dirs" value="C:\Program Files (x86)\Java\jdk1.8.0_171\jre\lib\ext;C:\Windows\Sun\Java\lib\ext"/>
    <property name="sun.io.unicode.encoding" value="UnicodeLittle"/>
    <property name="java.class.version" value="52.0"/>
  </properties>
  <testcase name="shouldAnswerWithTrue on shouldAnswerWithTrue(test2.maven.jenkins.AppTest)" classname="test2.maven.jenkins.AppTest" time="0.001"/>
</testsuite>