<?xml version="1.0" encoding="UTF-8"?>
<!-- Generated by org.testng.reporters.JUnitReportReporter -->
<testsuite hostname="DESKTOP-I99TIP5" name="test2.maven.jenkins.htlr" tests="1" failures="0" timestamp="3 May 2018 01:26:15 GMT" time="58.729" errors="0">
  <testcase name="luru" time="58.729" classname="test2.maven.jenkins.htlr"/>
</testsuite> <!-- test2.maven.jenkins.htlr -->
