<?xml version="1.0" encoding="UTF-8"?>
<!-- Generated by org.testng.reporters.JUnitReportReporter -->
<testsuite hostname="DESKTOP-I99TIP5" name="test2.maven.jenkins.AppTest" tests="1" failures="0" timestamp="24 Apr 2018 01:38:48 GMT" time="0.003" errors="0">
  <testcase name="shouldAnswerWithTrue" time="0.003" classname="test2.maven.jenkins.AppTest"/>
</testsuite> <!-- test2.maven.jenkins.AppTest -->
